[07.27 10:32:20] chrome.exe *64 - manhua.163.com:443 open through proxy proxy.cse.cuhk.edu.hk:5070 HTTPS
[07.27 10:32:20] chrome.exe *64 - manhua.163.com:443 open through proxy proxy.cse.cuhk.edu.hk:5070 HTTPS
[07.27 10:32:20] chrome.exe *64 - manhua.163.com:80 open through proxy proxy.cse.cuhk.edu.hk:5070 HTTPS
[07.27 10:32:20] chrome.exe *64 - manhua.163.com:443 open through proxy proxy.cse.cuhk.edu.hk:5070 HTTPS
[07.27 10:32:20] chrome.exe *64 - manhua.163.com:443 open through proxy proxy.cse.cuhk.edu.hk:5070 HTTPS
[07.27 10:32:20] chrome.exe *64 - manhua.163.com:443 open through proxy proxy.cse.cuhk.edu.hk:5070 HTTPS
[07.27 10:32:20] chrome.exe *64 - manhua.163.com:443 open through proxy proxy.cse.cuhk.edu.hk:5070 HTTPS
[07.27 10:32:20] chrome.exe *64 - nos.netease.com:443 open through proxy proxy.cse.cuhk.edu.hk:5070 HTTPS
[07.27 10:32:20] chrome.exe *64 - manhua.163.com:80 open through proxy proxy.cse.cuhk.edu.hk:5070 HTTPS
[07.27 10:32:20] chrome.exe *64 - nos.netease.com:443 open through proxy proxy.cse.cuhk.edu.hk:5070 HTTPS
[07.27 10:32:20] chrome.exe *64 - easyread.nosdn.127.net:443 open through proxy proxy.cse.cuhk.edu.hk:5070 HTTPS
[07.27 10:32:20] chrome.exe *64 - easyread.nosdn.127.net:443 open through proxy proxy.cse.cuhk.edu.hk:5070 HTTPS
[07.27 10:32:20] chrome.exe *64 - easyread.nosdn.127.net:443 open through proxy proxy.cse.cuhk.edu.hk:5070 HTTPS
[07.27 10:32:20] chrome.exe *64 - easyread.nosdn.127.net:443 open through proxy proxy.cse.cuhk.edu.hk:5070 HTTPS
[07.27 10:32:20] chrome.exe *64 - nos.netease.com:443 open through proxy proxy.cse.cuhk.edu.hk:5070 HTTPS
[07.27 10:32:20] chrome.exe *64 - q1.cnzz.com:80 open through proxy proxy.cse.cuhk.edu.hk:5070 HTTPS
[07.27 10:32:20] chrome.exe *64 - q1.cnzz.com:80 open through proxy proxy.cse.cuhk.edu.hk:5070 HTTPS
[07.27 10:32:20] chrome.exe *64 - q1.cnzz.com:80 open through proxy proxy.cse.cuhk.edu.hk:5070 HTTPS
[07.27 10:32:20] chrome.exe *64 - q1.cnzz.com:80 open through proxy proxy.cse.cuhk.edu.hk:5070 HTTPS
[07.27 10:32:21] chrome.exe *64 - q1.cnzz.com:80 close, 856 bytes sent, 195 bytes received, lifetime 00:01
[07.27 10:32:21] chrome.exe *64 - q1.cnzz.com:80 close, 857 bytes sent, 195 bytes received, lifetime 00:01
[07.27 10:32:21] chrome.exe *64 - q1.cnzz.com:80 close, 856 bytes sent, 195 bytes received, lifetime 00:01
[07.27 10:32:21] chrome.exe *64 - q1.cnzz.com:80 open through proxy proxy.cse.cuhk.edu.hk:5070 HTTPS
[07.27 10:32:21] chrome.exe *64 - cnzz.mmstat.com:80 open through proxy proxy.cse.cuhk.edu.hk:5070 HTTPS
[07.27 10:32:21] chrome.exe *64 - cnzz.mmstat.com:80 close, 656 bytes sent, 579 bytes received, lifetime <1 sec
[07.27 10:32:21] chrome.exe *64 - pcookie.cnzz.com:80 open through proxy proxy.cse.cuhk.edu.hk:5070 HTTPS
[07.27 10:32:21] chrome.exe *64 - pcookie.cnzz.com:80 close, 458 bytes sent, 419 bytes received, lifetime <1 sec
[07.27 10:32:21] chrome.exe *64 - pcookie.cnzz.com:80 open through proxy proxy.cse.cuhk.edu.hk:5070 HTTPS
[07.27 10:32:22] chrome.exe *64 - nos.netease.com:443 open through proxy proxy.cse.cuhk.edu.hk:5070 HTTPS
[07.27 10:32:22] chrome.exe *64 - ssl.google-analytics.com:443 open through proxy proxy.cse.cuhk.edu.hk:5070 HTTPS
[07.27 10:32:22] chrome.exe *64 - ssl.google-analytics.com:443 open through proxy proxy.cse.cuhk.edu.hk:5070 HTTPS
[07.27 10:32:22] chrome.exe *64 - ssl.google-analytics.com:443 close, 743 bytes sent, 160 bytes received, lifetime <1 sec
[07.27 10:32:22] chrome.exe *64 - ssl.google-analytics.com:443 open through proxy proxy.cse.cuhk.edu.hk:5070 HTTPS
[07.27 10:32:23] chrome.exe *64 - play.google.com:443 open through proxy proxy.cse.cuhk.edu.hk:5070 HTTPS
[07.27 10:32:23] chrome.exe *64 - easyread.nosdn.127.net:443 open through proxy proxy.cse.cuhk.edu.hk:5070 HTTPS
[07.27 10:32:23] chrome.exe *64 - easyread.nosdn.127.net:443 open through proxy proxy.cse.cuhk.edu.hk:5070 HTTPS
[07.27 10:32:26] chrome.exe *64 - c.cnzz.com:80 open through proxy proxy.cse.cuhk.edu.hk:5070 HTTPS
[07.27 10:32:26] chrome.exe *64 - c.cnzz.com:80 open through proxy proxy.cse.cuhk.edu.hk:5070 HTTPS
[07.27 10:32:28] chrome.exe *64 - manhua.163.com:443 close, 8544 bytes (8.34 KB) sent, 102059 bytes (99.6 KB) received, lifetime 00:08
[07.27 10:32:28] chrome.exe *64 - manhua.163.com:443 close, 13838 bytes (13.5 KB) sent, 279218 bytes (272 KB) received, lifetime 00:08
[07.27 10:32:28] chrome.exe *64 - manhua.163.com:443 close, 10268 bytes (10.0 KB) sent, 100125 bytes (97.7 KB) received, lifetime 00:08
[07.27 10:32:28] chrome.exe *64 - manhua.163.com:443 close, 11482 bytes (11.2 KB) sent, 11469 bytes (11.2 KB) received, lifetime 00:08
[07.27 10:32:28] chrome.exe *64 - nos.netease.com:443 close, 4270 bytes (4.16 KB) sent, 411110 bytes (401 KB) received, lifetime 00:06
[07.27 10:32:28] chrome.exe *64 - nos.netease.com:443 close, 4964 bytes (4.84 KB) sent, 866282 bytes (845 KB) received, lifetime 00:08
[07.27 10:32:28] chrome.exe *64 - nos.netease.com:443 close, 3657 bytes (3.57 KB) sent, 409243 bytes (399 KB) received, lifetime 00:08
[07.27 10:32:28] chrome.exe *64 - nos.netease.com:443 close, 5579 bytes (5.44 KB) sent, 778846 bytes (760 KB) received, lifetime 00:08
[07.27 10:32:29] chrome.exe *64 - manhua.163.com:443 close, 16315 bytes (15.9 KB) sent, 16055 bytes (15.6 KB) received, lifetime 00:09
[07.27 10:32:29] chrome.exe *64 - manhua.163.com:443 close, 11971 bytes (11.6 KB) sent, 18220 bytes (17.7 KB) received, lifetime 00:09
[07.27 10:32:36] chrome.exe *64 - pcookie.cnzz.com:80 close, 0 bytes sent, 0 bytes received, lifetime 00:15
[07.27 10:31:19] chrome.exe *64 - hm2.cnzz.com:80 open through proxy proxy.cse.cuhk.edu.hk:5070 HTTPS
[07.27 10:31:19] chrome.exe *64 - hm2.cnzz.com:80 close, 674 bytes sent, 254 bytes received, lifetime <1 sec
[07.27 10:31:28] chrome.exe *64 - play.google.com:443 close, 5667 bytes (5.53 KB) sent, 7566 bytes (7.38 KB) received, lifetime 12:57
[07.27 10:31:28] chrome.exe *64 - notifications.google.com:443 close, 2289 bytes (2.23 KB) sent, 7171 bytes (7.00 KB) received, lifetime 04:00
[07.27 10:31:29] chrome.exe *64 - hm2.cnzz.com:80 open through proxy proxy.cse.cuhk.edu.hk:5070 HTTPS
[07.27 10:31:29] chrome.exe *64 - hm2.cnzz.com:80 close, 674 bytes sent, 254 bytes received, lifetime <1 sec
[07.27 10:31:33] chrome.exe *64 - tenmax-static.cacafly.net:443 close, 1087 bytes (1.06 KB) sent, 118634 bytes (115 KB) received, lifetime 07:48
[07.27 10:31:34] chrome.exe *64 - hm2.cnzz.com:80 open through proxy proxy.cse.cuhk.edu.hk:5070 HTTPS
[07.27 10:31:34] chrome.exe *64 - hm2.cnzz.com:80 close, 674 bytes sent, 254 bytes received, lifetime <1 sec
[07.27 10:31:34] chrome.exe *64 - safebrowsing.googleapis.com:443 close, 2094 bytes (2.04 KB) sent, 7072 bytes (6.90 KB) received, lifetime 07:48
[07.27 10:31:39] chrome.exe *64 - c.cnzz.com:80 close, 446 bytes sent, 11514 bytes (11.2 KB) received, lifetime 02:00
[07.27 10:31:39] chrome.exe *64 - c.cnzz.com:80 close, 407 bytes sent, 3208 bytes (3.13 KB) received, lifetime 02:00
[07.27 10:31:50] chrome.exe *64 - hm2.cnzz.com:80 open through proxy proxy.cse.cuhk.edu.hk:5070 HTTPS
[07.27 10:31:50] chrome.exe *64 - hm2.cnzz.com:80 close, 674 bytes sent, 254 bytes received, lifetime <1 sec
[07.27 10:31:57] chrome.exe *64 - hm2.cnzz.com:80 open through proxy proxy.cse.cuhk.edu.hk:5070 HTTPS
[07.27 10:31:57] chrome.exe *64 - hm2.cnzz.com:80 close, 674 bytes sent, 254 bytes received, lifetime <1 sec
[07.27 10:32:11] chrome.exe *64 - hm2.cnzz.com:80 open through proxy proxy.cse.cuhk.edu.hk:5070 HTTPS
[07.27 10:32:11] chrome.exe *64 - hm2.cnzz.com:80 close, 674 bytes sent, 254 bytes received, lifetime <1 sec
[07.27 10:32:19] chrome.exe *64 - hm2.cnzz.com:80 open through proxy proxy.cse.cuhk.edu.hk:5070 HTTPS
[07.27 10:32:19] chrome.exe *64 - hm2.cnzz.com:80 close, 674 bytes sent, 254 bytes received, lifetime <1 sec
[07.27 10:32:19] chrome.exe *64 - us.avatars.manhuaren.com:80 open through proxy proxy.cse.cuhk.edu.hk:5070 HTTPS
[07.27 10:32:20] chrome.exe *64 - ursdoccdn.nosdn.127.net:443 open through proxy proxy.cse.cuhk.edu.hk:5070 HTTPS
[07.27 10:32:20] chrome.exe *64 - ursdoccdn.nosdn.127.net:443 open through proxy proxy.cse.cuhk.edu.hk:5070 HTTPS
[07.27 10:32:20] chrome.exe *64 - yuedust.yuedu.126.net:443 open through proxy proxy.cse.cuhk.edu.hk:5070 HTTPS
[07.27 10:32:20] chrome.exe *64 - yuedust.yuedu.126.net:443 open through proxy proxy.cse.cuhk.edu.hk:5070 HTTPS
[07.27 10:32:20] chrome.exe *64 - yuedust.yuedu.126.net:443 open through proxy proxy.cse.cuhk.edu.hk:5070 HTTPS
[07.27 10:32:20] chrome.exe *64 - yuedust.yuedu.126.net:443 open through proxy proxy.cse.cuhk.edu.hk:5070 HTTPS
[07.27 10:32:20] chrome.exe *64 - yuedust.yuedu.126.net:443 open through proxy proxy.cse.cuhk.edu.hk:5070 HTTPS
[07.27 10:32:20] chrome.exe *64 - yuedust.yuedu.126.net:443 open through proxy proxy.cse.cuhk.edu.hk:5070 HTTPS
[07.27 10:32:20] chrome.exe *64 - manhua.163.com:443 open through proxy proxy.cse.cuhk.edu.hk:5070 HTTPS
[07.27 10:32:20] chrome.exe *64 - manhua.163.com:443 open through proxy proxy.cse.cuhk.edu.hk:5070 HTTPS
[07.27 10:32:20] chrome.exe *64 - manhua.163.com:80 open through proxy proxy.cse.cuhk.edu.hk:5070 HTTPS
[07.27 10:32:20] chrome.exe *64 - manhua.163.com:443 open through proxy proxy.cse.cuhk.edu.hk:5070 HTTPS
[07.27 10:32:20] chrome.exe *64 - manhua.163.com:443 open through proxy proxy.cse.cuhk.edu.hk:5070 HTTPS
[07.27 10:32:20] chrome.exe *64 - manhua.163.com:443 open through proxy proxy.cse.cuhk.edu.hk:5070 HTTPS
[07.27 10:32:20] chrome.exe *64 - manhua.163.com:443 open through proxy proxy.cse.cuhk.edu.hk:5070 HTTPS
[07.27 10:32:20] chrome.exe *64 - nos.netease.com:443 open through proxy proxy.cse.cuhk.edu.hk:5070 HTTPS
[07.27 10:32:20] chrome.exe *64 - manhua.163.com:80 open through proxy proxy.cse.cuhk.edu.hk:5070 HTTPS
[07.27 10:32:20] chrome.exe *64 - nos.netease.com:443 open through proxy proxy.cse.cuhk.edu.hk:5070 HTTPS
[07.27 10:32:20] chrome.exe *64 - easyread.nosdn.127.net:443 open through proxy proxy.cse.cuhk.edu.hk:5070 HTTPS
[07.27 10:32:20] chrome.exe *64 - easyread.nosdn.127.net:443 open through proxy proxy.cse.cuhk.edu.hk:5070 HTTPS
[07.27 10:32:20] chrome.exe *64 - easyread.nosdn.127.net:443 open through proxy proxy.cse.cuhk.edu.hk:5070 HTTPS
[07.27 10:32:20] chrome.exe *64 - easyread.nosdn.127.net:443 open through proxy proxy.cse.cuhk.edu.hk:5070 HTTPS
[07.27 10:32:20] chrome.exe *64 - nos.netease.com:443 open through proxy proxy.cse.cuhk.edu.hk:5070 HTTPS
[07.27 10:32:20] chrome.exe *64 - q1.cnzz.com:80 open through proxy proxy.cse.cuhk.edu.hk:5070 HTTPS
[07.27 10:32:20] chrome.exe *64 - q1.cnzz.com:80 open through proxy proxy.cse.cuhk.edu.hk:5070 HTTPS
[07.27 10:32:20] chrome.exe *64 - q1.cnzz.com:80 open through proxy proxy.cse.cuhk.edu.hk:5070 HTTPS
[07.27 10:32:20] chrome.exe *64 - q1.cnzz.com:80 open through proxy proxy.cse.cuhk.edu.hk:5070 HTTPS
[07.27 10:32:21] chrome.exe *64 - q1.cnzz.com:80 close, 856 bytes sent, 195 bytes received, lifetime 00:01
[07.27 10:32:21] chrome.exe *64 - q1.cnzz.com:80 close, 857 bytes sent, 195 bytes received, lifetime 00:01
[07.27 10:32:21] chrome.exe *64 - q1.cnzz.com:80 close, 856 bytes sent, 195 bytes received, lifetime 00:01
[07.27 10:32:21] chrome.exe *64 - q1.cnzz.com:80 open through proxy proxy.cse.cuhk.edu.hk:5070 HTTPS
[07.27 10:32:21] chrome.exe *64 - cnzz.mmstat.com:80 open through proxy proxy.cse.cuhk.edu.hk:5070 HTTPS
[07.27 10:32:21] chrome.exe *64 - cnzz.mmstat.com:80 close, 656 bytes sent, 579 bytes received, lifetime <1 sec
[07.27 10:32:21] chrome.exe *64 - pcookie.cnzz.com:80 open through proxy proxy.cse.cuhk.edu.hk:5070 HTTPS
[07.27 10:32:21] chrome.exe *64 - pcookie.cnzz.com:80 close, 458 bytes sent, 419 bytes received, lifetime <1 sec
[07.27 10:32:21] chrome.exe *64 - pcookie.cnzz.com:80 open through proxy proxy.cse.cuhk.edu.hk:5070 HTTPS
[07.27 10:32:22] chrome.exe *64 - nos.netease.com:443 open through proxy proxy.cse.cuhk.edu.hk:5070 HTTPS
[07.27 10:32:22] chrome.exe *64 - ssl.google-analytics.com:443 open through proxy proxy.cse.cuhk.edu.hk:5070 HTTPS
[07.27 10:32:22] chrome.exe *64 - ssl.google-analytics.com:443 open through proxy proxy.cse.cuhk.edu.hk:5070 HTTPS
[07.27 10:32:22] chrome.exe *64 - ssl.google-analytics.com:443 close, 743 bytes sent, 160 bytes received, lifetime <1 sec
[07.27 10:32:22] chrome.exe *64 - ssl.google-analytics.com:443 open through proxy proxy.cse.cuhk.edu.hk:5070 HTTPS
[07.27 10:32:23] chrome.exe *64 - play.google.com:443 open through proxy proxy.cse.cuhk.edu.hk:5070 HTTPS
[07.27 10:32:23] chrome.exe *64 - easyread.nosdn.127.net:443 open through proxy proxy.cse.cuhk.edu.hk:5070 HTTPS
[07.27 10:32:23] chrome.exe *64 - easyread.nosdn.127.net:443 open through proxy proxy.cse.cuhk.edu.hk:5070 HTTPS
[07.27 10:32:26] chrome.exe *64 - c.cnzz.com:80 open through proxy proxy.cse.cuhk.edu.hk:5070 HTTPS
[07.27 10:32:26] chrome.exe *64 - c.cnzz.com:80 open through proxy proxy.cse.cuhk.edu.hk:5070 HTTPS
[07.27 10:32:28] chrome.exe *64 - manhua.163.com:443 close, 8544 bytes (8.34 KB) sent, 102059 bytes (99.6 KB) received, lifetime 00:08
[07.27 10:32:28] chrome.exe *64 - manhua.163.com:443 close, 13838 bytes (13.5 KB) sent, 279218 bytes (272 KB) received, lifetime 00:08
[07.27 10:32:28] chrome.exe *64 - manhua.163.com:443 close, 10268 bytes (10.0 KB) sent, 100125 bytes (97.7 KB) received, lifetime 00:08
[07.27 10:32:28] chrome.exe *64 - manhua.163.com:443 close, 11482 bytes (11.2 KB) sent, 11469 bytes (11.2 KB) received, lifetime 00:08
[07.27 10:32:28] chrome.exe *64 - nos.netease.com:443 close, 4270 bytes (4.16 KB) sent, 411110 bytes (401 KB) received, lifetime 00:06
[07.27 10:32:28] chrome.exe *64 - nos.netease.com:443 close, 4964 bytes (4.84 KB) sent, 866282 bytes (845 KB) received, lifetime 00:08
[07.27 10:32:28] chrome.exe *64 - nos.netease.com:443 close, 3657 bytes (3.57 KB) sent, 409243 bytes (399 KB) received, lifetime 00:08
[07.27 10:32:28] chrome.exe *64 - nos.netease.com:443 close, 5579 bytes (5.44 KB) sent, 778846 bytes (760 KB) received, lifetime 00:08
[07.27 10:32:29] chrome.exe *64 - manhua.163.com:443 close, 16315 bytes (15.9 KB) sent, 16055 bytes (15.6 KB) received, lifetime 00:09
[07.27 10:32:29] chrome.exe *64 - manhua.163.com:443 close, 11971 bytes (11.6 KB) sent, 18220 bytes (17.7 KB) received, lifetime 00:09
[07.27 10:32:36] chrome.exe *64 - pcookie.cnzz.com:80 close, 0 bytes sent, 0 bytes received, lifetime 00:15
